<testsuite name="google_search.google search checking" tests="3" errors="0" failures="0" skipped="0" time="13.638373" timestamp="2021-03-19T14:32:49.194005" hostname="DESKTOP-AT2K5M2"><testcase classname="google_search.google search checking" name="simple google search" status="passed" time="5.805362"><system-out>
<![CDATA[
@scenario.begin

  @single
  Scenario: simple google search
    Given open browser ... passed in 2.299s
    When search element with "Selenium" ... passed in 0.100s
    Then back to homepage ... passed in 3.406s

@scenario.end
--------------------------------------------------------------------------------

Captured stdout:
before_step activated
after_step activated
before_step activated
after_step activated
before_step activated
after_step activated

]]>
</system-out></testcase><testcase classname="google_search.google search checking" name="simple google search -- @1.1 " status="passed" time="3.999583"><system-out>
<![CDATA[
@scenario.begin

  @multi
  Scenario Outline: simple google search -- @1.1 
    Given open browser ... passed in 0.527s
    When search element with "Java" ... passed in 0.069s
    Then back to homepage ... passed in 3.404s

@scenario.end
--------------------------------------------------------------------------------

Captured stdout:
before_step activated
after_step activated
before_step activated
after_step activated
before_step activated
after_step activated

]]>
</system-out></testcase><testcase classname="google_search.google search checking" name="simple google search -- @1.2 " status="passed" time="3.833428"><system-out>
<![CDATA[
@scenario.begin

  @multi
  Scenario Outline: simple google search -- @1.2 
    Given open browser ... passed in 0.423s
    When search element with "Python" ... passed in 0.058s
    Then back to homepage ... passed in 3.352s

@scenario.end
--------------------------------------------------------------------------------

Captured stdout:
before_step activated
after_step activated
before_step activated
after_step activated
before_step activated
after_step activated

]]>
</system-out></testcase></testsuite>